Script started on Fri Jun 28 18:16:18 2024
[1m[7m%[27m[1m[0m                                                                                                                                                                                                          ]2;monkey@monkeydeMacBook-Pro:~/dev/rust/vivid-tests/sp1-cook]1;..ests/sp1-cook]7;file://monkeydeMacBook-Pro.local/Users/monkey/dev/rust/vivid-tests/sp1-cook\[0m[27m[24m[J[01;32mâžœ  [36msp1-cook[00m [K[?1h=[?2004h[0m[27m[24m[J[01;32mâžœ  [36msp1-cook[00m [01;34mgit:([31mnetwork[34m) [33mâœ—[00m [K[7mRUST_LOG=info cargo run --bin prove_ecrecover --release[27m[55D[27mR[27mU[27mS[27mT[27m_[27mL[27mO[27mG[27m=[27mi[27mn[27mf[27mo[27m [27mc[27ma[27mr[27mg[27mo[27m [27mr[27mu[27mn[27m [27m-[27m-[27mb[27mi[27mn[27m [27mp[27mr[27mo[27mv[27me[27m_[27me[27mc[27mr[27me[27mc[27mo[27mv[27me[27mr[27m [27m-[27m-[27mr[27me[27ml[27me[27ma[27ms[27me
[K[?2004l[K
[1m[7m%[27m[1m[0m                                                                                                                                                                                                          ]2;monkey@monkeydeMacBook-Pro:~/dev/rust/vivid-tests/sp1-cook]1;..ests/sp1-cook]7;file://monkeydeMacBook-Pro.local/Users/monkey/dev/rust/vivid-tests/sp1-cook\[0m[27m[24m[J[01;31mâžœ  [36msp1-cook[00m [01;34mgit:([31mnetwork[34m) [33mâœ—[00m [K[?1h=[?2004hccd script[1m/[0m[0m [?1l>[?2004l
]2;cd script]1;cd[1m[7m%[27m[1m[0m                                                                                                                                                                                                          ]2;monkey@monkeydeMacBook-Pro:~/dev/rust/vivid-tests/sp1-cook/script]1;..1-cook/script]7;file://monkeydeMacBook-Pro.local/Users/monkey/dev/rust/vivid-tests/sp1-cook/script\[0m[27m[24m[J[01;32mâžœ  [36mscript[00m [01;34mgit:([31mnetwork[34m) [33mâœ—[00m [K[?1h=[?2004hcd script[9Dscript   cd .. forge test --match-contract EcRecoverTest --match-test test_ValidEcRecoverProof[79Dcd ..                                                                          [74Dscriptcd script[9D         [9D[7mRUST_LOG=info cargo run --bin prove_ecrecover --release[27m[55D[27mR[27mU[27mS[27mT[27m_[27mL[27mO[27mG[27m=[27mi[27mn[27mf[27mo[27m [27mc[27ma[27mr[27mg[27mo[27m [27mr[27mu[27mn[27m [27m-[27m-[27mb[27mi[27mn[27m [27mp[27mr[27mo[27mv[27me[27m_[27me[27mc[27mr[27me[27mc[27mo[27mv[27me[27mr[27m [27m-[27m-[27mr[27me[27ml[27me[27ma[27ms[27me[?1l>[?2004l
]2;RUST_LOG=info cargo run --bin prove_ecrecover --release]1;cargo[1m[33mwarning[0m[1m:[0m fibonacci-script@0.1.0: fibonacci-program built at 2024-06-27 11:01:58
[1m[32m   Compiling[0m fibonacci-script v0.1.0 (/Users/monkey/dev/rust/vivid-tests/sp1-cook/script)
[1m[36m    Building[0m [=======================> ] 745/747: fibonacci-script                                                                                                                                      [1m[36m    Building[0m [=======================> ] 746/747: prove_ecrecover(bin)                                                                                                                                  [K[1m[32m    Finished[0m ]8;;https://doc.rust-lang.org/cargo/reference/profiles.html#default-profiles\`release` profile [optimized]]8;;\ target(s) in 1.28s
[1m[32m     Running[0m `target/release/prove_ecrecover`
[2m2024-06-28T10:17:02.601079Z[0m [32m INFO[0m [1mprove_core[0m:[1mcollect_checkpoints[0m: clk = 0 pc = 0x2018cc    
[2m2024-06-28T10:17:02.630842Z[0m [32m INFO[0m [1mprove_core[0m:[1mcollect_checkpoints[0m: close [3mtime.busy[0m[2m=[0m30.4ms [3mtime.idle[0m[2m=[0m1.96Âµs
[2m2024-06-28T10:17:02.632292Z[0m [32m INFO[0m [1mprove_core[0m:[1mcommit_checkpoint[0m: clk = 0 pc = 0x2018cc     [2m[3mnum[0m[2m=[0m0[0m
[2m2024-06-28T10:17:02.666396Z[0m [32m INFO[0m [1mprove_core[0m:[1mcommit_checkpoint[0m: close [3mtime.busy[0m[2m=[0m35.3ms [3mtime.idle[0m[2m=[0m1.71Âµs [2m[3mnum[0m[2m=[0m0[0m
[2m2024-06-28T10:17:02.940707Z[0m [32m INFO[0m [1mprove_core[0m:[1mshard[0m: close [3mtime.busy[0m[2m=[0m274ms [3mtime.idle[0m[2m=[0m23.3Âµs
[2m2024-06-28T10:17:05.437974Z[0m [32m INFO[0m [1mprove_core[0m:[1mcommit[0m: close [3mtime.busy[0m[2m=[0m2.50s [3mtime.idle[0m[2m=[0m1.67Âµs
[2m2024-06-28T10:17:05.444158Z[0m [32m INFO[0m [1mprove_core[0m:[1mprove_checkpoint[0m: clk = 0 pc = 0x2018cc     [2m[3mnum[0m[2m=[0m0[0m
[2m2024-06-28T10:17:05.478748Z[0m [32m INFO[0m [1mprove_core[0m:[1mprove_checkpoint[0m: close [3mtime.busy[0m[2m=[0m35.8ms [3mtime.idle[0m[2m=[0m1.29Âµs [2m[3mnum[0m[2m=[0m0[0m
[2m2024-06-28T10:17:09.496068Z[0m [32m INFO[0m [1mprove_core[0m: execution report (totals): total_cycles=28861, total_syscall_cycles=808
[2m2024-06-28T10:17:09.496088Z[0m [32m INFO[0m [1mprove_core[0m: execution report (opcode counts):
[2m2024-06-28T10:17:09.496107Z[0m [32m INFO[0m [1mprove_core[0m:   8492 add
[2m2024-06-28T10:17:09.496110Z[0m [32m INFO[0m [1mprove_core[0m:   2066 lw
[2m2024-06-28T10:17:09.496112Z[0m [32m INFO[0m [1mprove_core[0m:   1868 sw
[2m2024-06-28T10:17:09.496113Z[0m [32m INFO[0m [1mprove_core[0m:   1830 jalr
[2m2024-06-28T10:17:09.496114Z[0m [32m INFO[0m [1mprove_core[0m:   1760 and
[2m2024-06-28T10:17:09.496116Z[0m [32m INFO[0m [1mprove_core[0m:   1627 srl
[2m2024-06-28T10:17:09.496117Z[0m [32m INFO[0m [1mprove_core[0m:   1486 beq
[2m2024-06-28T10:17:09.496119Z[0m [32m INFO[0m [1mprove_core[0m:   1335 or
[2m2024-06-28T10:17:09.496120Z[0m [32m INFO[0m [1mprove_core[0m:   1262 sll
[2m2024-06-28T10:17:09.496122Z[0m [32m INFO[0m [1mprove_core[0m:   1066 xor
[2m2024-06-28T10:17:09.496123Z[0m [32m INFO[0m [1mprove_core[0m:    949 lbu
[2m2024-06-28T10:17:09.496124Z[0m [32m INFO[0m [1mprove_core[0m:    931 auipc
[2m2024-06-28T10:17:09.496126Z[0m [32m INFO[0m [1mprove_core[0m:    904 sb
[2m2024-06-28T10:17:09.496127Z[0m [32m INFO[0m [1mprove_core[0m:    900 sltu
[2m2024-06-28T10:17:09.496128Z[0m [32m INFO[0m [1mprove_core[0m:    808 ecall
[2m2024-06-28T10:17:09.496129Z[0m [32m INFO[0m [1mprove_core[0m:    437 bne
[2m2024-06-28T10:17:09.496130Z[0m [32m INFO[0m [1mprove_core[0m:    353 mul
[2m2024-06-28T10:17:09.496131Z[0m [32m INFO[0m [1mprove_core[0m:    348 mulhu
[2m2024-06-28T10:17:09.496132Z[0m [32m INFO[0m [1mprove_core[0m:    159 bltu
[2m2024-06-28T10:17:09.496133Z[0m [32m INFO[0m [1mprove_core[0m:    118 lb
[2m2024-06-28T10:17:09.496134Z[0m [32m INFO[0m [1mprove_core[0m:     51 sra
[2m2024-06-28T10:17:09.496135Z[0m [32m INFO[0m [1mprove_core[0m:     46 sub
[2m2024-06-28T10:17:09.496136Z[0m [32m INFO[0m [1mprove_core[0m:     38 bgeu
[2m2024-06-28T10:17:09.496137Z[0m [32m INFO[0m [1mprove_core[0m:     13 jal
[2m2024-06-28T10:17:09.496158Z[0m [32m INFO[0m [1mprove_core[0m:      7 sh
[2m2024-06-28T10:17:09.496162Z[0m [32m INFO[0m [1mprove_core[0m:      2 lhu
[2m2024-06-28T10:17:09.496164Z[0m [32m INFO[0m [1mprove_core[0m:      2 blt
[2m2024-06-28T10:17:09.496165Z[0m [32m INFO[0m [1mprove_core[0m:      2 divu
[2m2024-06-28T10:17:09.496167Z[0m [32m INFO[0m [1mprove_core[0m:      1 lh
[2m2024-06-28T10:17:09.496169Z[0m [32m INFO[0m [1mprove_core[0m: execution report (syscall counts):
[2m2024-06-28T10:17:09.496199Z[0m [32m INFO[0m [1mprove_core[0m:   512 secp256k1_double
[2m2024-06-28T10:17:09.496200Z[0m [32m INFO[0m [1mprove_core[0m:   266 secp256k1_add
[2m2024-06-28T10:17:09.496201Z[0m [32m INFO[0m [1mprove_core[0m:     8 commit
[2m2024-06-28T10:17:09.496202Z[0m [32m INFO[0m [1mprove_core[0m:     8 commit_deferred_proofs
[2m2024-06-28T10:17:09.496203Z[0m [32m INFO[0m [1mprove_core[0m:     5 hint_len
[2m2024-06-28T10:17:09.496968Z[0m [32m INFO[0m [1mprove_core[0m:     5 hint_read
[2m2024-06-28T10:17:09.496972Z[0m [32m INFO[0m [1mprove_core[0m:     1 halt
[2m2024-06-28T10:17:09.496976Z[0m [32m INFO[0m [1mprove_core[0m:     1 enter_unconstrained
[2m2024-06-28T10:17:09.496979Z[0m [32m INFO[0m [1mprove_core[0m:     1 secp256k1_decompress
[2m2024-06-28T10:17:09.496982Z[0m [32m INFO[0m [1mprove_core[0m:     1 keccak_permute
[2m2024-06-28T10:17:09.499065Z[0m [32m INFO[0m [1mprove_core[0m: summary: cycles=28861, e2e=8.993888625, khz=3208.96, proofSize=7906277
[2m2024-06-28T10:17:09.504158Z[0m [32m INFO[0m [1mprove_core[0m: close [3mtime.busy[0m[2m=[0m9.00s [3mtime.idle[0m[2m=[0m23.4Âµs
[2m2024-06-28T10:17:10.549942Z[0m [32m INFO[0m [1mverify[0m: close [3mtime.busy[0m[2m=[0m1.04s [3mtime.idle[0m[2m=[0m792ns
[2m2024-06-28T10:17:10.551732Z[0m [32m INFO[0m successfully generated and verified proof for the program!
[1m[7m%[27m[1m[0m                                                                                                                                                                                                          ]2;monkey@monkeydeMacBook-Pro:~/dev/rust/vivid-tests/sp1-cook/script]1;..1-cook/script]7;file://monkeydeMacBook-Pro.local/Users/monkey/dev/rust/vivid-tests/sp1-cook/script\[0m[27m[24m[J[01;32mâžœ  [36mscript[00m [01;34mgit:([31mnetwork[34m) [33mâœ—[00m [K[?1h=[?2004hccd proof-bin[1m/[0m[0m [?1l>[?2004l
]2;cd proof-bin]1;cd[1m[7m%[27m[1m[0m                                                                                                                                                                                                          ]2;monkey@monkeydeMacBook-Pro:~/dev/rust/vivid-tests/sp1-cook/script/proof-bin]1;..ipt/proof-bin]7;file://monkeydeMacBook-Pro.local/Users/monkey/dev/rust/vivid-tests/sp1-cook/script/proof-bin\[0m[27m[24m[J[01;32mâžœ  [36mproof-bin[00m [01;34mgit:([31mnetwork[34m) [33mâœ—[00m [K[?1h=[?2004hlll[?1l>[?2004l
]2;ls -G -lh]1;lltotal 16
-rw-r--r--@ 1 monkey  staff   3.9K Jun 27 14:32 ecrecover-ppis.bin
-rw-r--r--@ 1 monkey  staff    66B Jun 28 18:17 ecrecover-vk-hash
[1m[7m%[27m[1m[0m                                                                                                                                                                                                          ]2;monkey@monkeydeMacBook-Pro:~/dev/rust/vivid-tests/sp1-cook/script/proof-bin]1;..ipt/proof-bin]7;file://monkeydeMacBook-Pro.local/Users/monkey/dev/rust/vivid-tests/sp1-cook/script/proof-bin\[0m[27m[24m[J[01;32mâžœ  [36mproof-bin[00m [01;34mgit:([31mnetwork[34m) [33mâœ—[00m [K[?1h=[?2004hccd ..[?1l>[?2004l
]2;cd ..]1;cd[1m[7m%[27m[1m[0m                                                                                                                                                                                                          ]2;monkey@monkeydeMacBook-Pro:~/dev/rust/vivid-tests/sp1-cook/script]1;..1-cook/script]7;file://monkeydeMacBook-Pro.local/Users/monkey/dev/rust/vivid-tests/sp1-cook/script\[0m[27m[24m[J[01;32mâžœ  [36mscript[00m [01;34mgit:([31mnetwork[34m) [33mâœ—[00m [K[?1h=[?2004h[7mRUST_LOG=info cargo test -r --lib -- utils::fixtures::tests::test_ecrecover_fixture --exact --nocapture[27m[103D[27mR[27mU[27mS[27mT[27m_[27mL[27mO[27mG[27m=[27mi[27mn[27mf[27mo[27m [27mc[27ma[27mr[27mg[27mo[27m [27mt[27me[27ms[27mt[27m [27m-[27mr[27m [27m-[27m-[27ml[27mi[27mb[27m [27m-[27m-[27m [27mu[27mt[27mi[27ml[27ms[27m:[27m:[27mf[27mi[27mx[27mt[27mu[27mr[27me[27ms[27m:[27m:[27mt[27me[27ms[27mt[27ms[27m:[27m:[27mt[27me[27ms[27mt[27m_[27me[27mc[27mr[27me[27mc[27mo[27mv[27me[27mr[27m_[27mf[27mi[27mx[27mt[27mu[27mr[27me[27m [27m-[27m-[27me[27mx[27ma[27mc[27mt[27m [27m-[27m-[27mn[27mo[27mc[27ma[27mp[27mt[27mu[27mr[27me[?1l>[?2004l
]2;RUST_LOG=info cargo test -r --lib --  --exact --nocapture]1;cargo[1m[33mwarning[0m[1m:[0m fibonacci-script@0.1.0: fibonacci-program built at 2024-06-27 11:01:58
[1m[32m    Finished[0m ]8;;https://doc.rust-lang.org/cargo/reference/profiles.html#default-profiles\`release` profile [optimized]]8;;\ target(s) in 0.26s
[1m[32m     Running[0m unittests src/lib.rs (target/release/deps/fibonacci_script-d6e869c6f5751129)

running 1 test
[2m2024-06-28T10:19:22.763116Z[0m [32m INFO[0m 0x00242bf11556eace04d1bb90b9dd709bfb72f18e472b7e8ab13bb78a12d9e1b8
test utils::fixtures::tests::test_ecrecover_fixture ... ok

test result: ok. 1 passed; 0 failed; 0 ignored; 0 measured; 2 filtered out; finished in 0.00s

[1m[7m%[27m[1m[0m                                                                                                                                                                                                          ]2;monkey@monkeydeMacBook-Pro:~/dev/rust/vivid-tests/sp1-cook/script]1;..1-cook/script]7;file://monkeydeMacBook-Pro.local/Users/monkey/dev/rust/vivid-tests/sp1-cook/script\[0m[27m[24m[J[01;32mâžœ  [36mscript[00m [01;34mgit:([31mnetwork[34m) [33mâœ—[00m [K[?1h=[?2004hccd ..[?1l>[?2004l
]2;cd ..]1;cd[1m[7m%[27m[1m[0m                                                                                                                                                                                                          ]2;monkey@monkeydeMacBook-Pro:~/dev/rust/vivid-tests/sp1-cook]1;..ests/sp1-cook]7;file://monkeydeMacBook-Pro.local/Users/monkey/dev/rust/vivid-tests/sp1-cook\[0m[27m[24m[J[01;32mâžœ  [36msp1-cook[00m [01;34mgit:([31mnetwork[34m) [33mâœ—[00m [K[?1h=[?2004hlls[?1l>[?2004l
]2;ls -G]1;lsLICENSE-MIT    README.md      [1m[36mcontracts[39;49m[0m      [1m[36mprogram[39;49m[0m        rust-toolchain [1m[36mscript[39;49m[0m         typescript
[1m[7m%[27m[1m[0m                                                                                                                                                                                                          ]2;monkey@monkeydeMacBook-Pro:~/dev/rust/vivid-tests/sp1-cook]1;..ests/sp1-cook]7;file://monkeydeMacBook-Pro.local/Users/monkey/dev/rust/vivid-tests/sp1-cook\[0m[27m[24m[J[01;32mâžœ  [36msp1-cook[00m [01;34mgit:([31mnetwork[34m) [33mâœ—[00m [K[?1h=[?2004hccd contracts[1m/[0m[0m [?1l>[?2004l
]2;cd contracts]1;cd[1m[7m%[27m[1m[0m                                                                                                                                                                                                          ]2;monkey@monkeydeMacBook-Pro:~/dev/rust/vivid-tests/sp1-cook/contracts]1;..ook/contracts]7;file://monkeydeMacBook-Pro.local/Users/monkey/dev/rust/vivid-tests/sp1-cook/contracts\[0m[27m[24m[J[01;32mâžœ  [36mcontracts[00m [01;34mgit:([31mnetwork[34m) [33mâœ—[00m [K[?1h=[?2004hlls[?1l>[?2004l
]2;ls -G]1;lsREADME.md      [1m[36mcache[39;49m[0m          foundry.toml   [1m[36mlib[39;49m[0m            [1m[36mout[39;49m[0m            remappings.txt [1m[36msrc[39;49m[0m            [1m[36mtest[39;49m[0m
[1m[7m%[27m[1m[0m                                                                                                                                                                                                          ]2;monkey@monkeydeMacBook-Pro:~/dev/rust/vivid-tests/sp1-cook/contracts]1;..ook/contracts]7;file://monkeydeMacBook-Pro.local/Users/monkey/dev/rust/vivid-tests/sp1-cook/contracts\[0m[27m[24m[J[01;32mâžœ  [36mcontracts[00m [01;34mgit:([31mnetwork[34m) [33mâœ—[00m [K[?1h=[?2004h[7mforge test --match-contract EcRecoverTest --match-test test_ValidEcRecoverProof[27m[79D[27mf[27mo[27mr[27mg[27me[27m [27mt[27me[27ms[27mt[27m [27m-[27m-[27mm[27ma[27mt[27mc[27mh[27m-[27mc[27mo[27mn[27mt[27mr[27ma[27mc[27mt[27m [27mE[27mc[27mR[27me[27mc[27mo[27mv[27me[27mr[27mT[27me[27ms[27mt[27m [27m-[27m-[27mm[27ma[27mt[27mc[27mh[27m-[27mt[27me[27ms[27mt[27m [27mt[27me[27ms[27mt[27m_[27mV[27ma[27ml[27mi[27md[27mE[27mc[27mR[27me[27mc[27mo[27mv[27me[27mr[27mP[27mr[27mo[27mo[27mf[?1l>[?2004l
]2;forge test --match-contract EcRecoverTest --match-test ]1;forge3[2K[1m[[32mâ ƒ[0m][0m Compiling...3[2K[1m[[32mâ Š[0m][0m Compiling...
No files changed, compilation skipped

Ran 1 test for test/ecrecover.t.sol:EcRecoverTest
[31m[FAIL. Reason: InvalidProof()][0m test_ValidEcRecoverProof() (gas: 311309)
Suite result: [31mFAILED[0m. [32m0[0m passed; [31m1[0m failed; [33m0[0m skipped; finished in 15.43ms (7.70ms CPU time)

Ran 1 test suite in 129.67ms (15.43ms CPU time): [32m0[0m tests passed, [31m1[0m failed, [33m0[0m skipped (1 total tests)

Failing tests:
Encountered 1 failing test in test/ecrecover.t.sol:EcRecoverTest
[31m[FAIL. Reason: InvalidProof()][0m test_ValidEcRecoverProof() (gas: 311309)

Encountered a total of [31m1[0m failing tests, [32m0[0m tests succeeded
[1m[7m%[27m[1m[0m                                                                                                                                                                                                          ]2;monkey@monkeydeMacBook-Pro:~/dev/rust/vivid-tests/sp1-cook/contracts]1;..ook/contracts]7;file://monkeydeMacBook-Pro.local/Users/monkey/dev/rust/vivid-tests/sp1-cook/contracts\[0m[27m[24m[J[01;31mâžœ  [36mcontracts[00m [01;34mgit:([31mnetwork[34m) [33mâœ—[00m [K[?1h=[?2004hforge test --match-contract EcRecoverTest --match-test test_ValidEcRecoverProof                                    [?1l>[?2004l
]2;forge test --match-contract EcRecoverTest]1;forge3[2K[1m[[32mâ ƒ[0m][0m Compiling...3[2K[1m[[32mâ Š[0m][0m Compiling...
No files changed, compilation skipped

Ran 2 tests for test/ecrecover.t.sol:EcRecoverTest
[32m[PASS][0m testFail_InvalidEcRecoverProof() (gas: 35371)
[31m[FAIL. Reason: InvalidProof()][0m test_ValidEcRecoverProof() (gas: 311309)
Suite result: [31mFAILED[0m. [32m1[0m passed; [31m1[0m failed; [33m0[0m skipped; finished in 7.90ms (7.46ms CPU time)

Ran 1 test suite in 122.80ms (7.90ms CPU time): [32m1[0m tests passed, [31m1[0m failed, [33m0[0m skipped (2 total tests)

Failing tests:
Encountered 1 failing test in test/ecrecover.t.sol:EcRecoverTest
[31m[FAIL. Reason: InvalidProof()][0m test_ValidEcRecoverProof() (gas: 311309)

Encountered a total of [31m1[0m failing tests, [32m1[0m tests succeeded
[1m[7m%[27m[1m[0m                                                                                                                                                                                                          ]2;monkey@monkeydeMacBook-Pro:~/dev/rust/vivid-tests/sp1-cook/contracts]1;..ook/contracts]7;file://monkeydeMacBook-Pro.local/Users/monkey/dev/rust/vivid-tests/sp1-cook/contracts\[0m[27m[24m[J[01;31mâžœ  [36mcontracts[00m [01;34mgit:([31mnetwork[34m) [33mâœ—[00m [K[?1h=[?2004hfforge build[?1l>[?2004l
]2;forge build]1;forge3[2K[1m[[32mâ ƒ[0m][0m Compiling...3[2K[1m[[32mâ Š[0m][0m Compiling...
3[2K[1m[[32mâ ’[0m][0m Compiling 1 files with Solc 0.8.263[2K[1m[[32mâ ¢[0m][0m Compiling 1 files with Solc 0.8.263[2K[1m[[32mâ †[0m][0m Compiling 1 files with Solc 0.8.263[2K[1m[[32mâ °[0m][0m Compiling 1 files with Solc 0.8.263[2K[1m[[32mâ ”[0m][0m Compiling 1 files with Solc 0.8.263[2K[1m[[32mâ ’[0m][0m Compiling 1 files with Solc 0.8.263[2K[1m[[32mâ ‘[0m][0m Compiling 1 files with Solc 0.8.263[2K[1m[[32mâ ˜[0m][0m Compiling 1 files with Solc 0.8.263[2K[1m[[32mâ ƒ[0m][0m Compiling 1 files with Solc 0.8.263[2K[1m[[32mâ Š[0m][0m Compiling 1 files with Solc 0.8.263[2K[1m[[32mâ ’[0m][0m Compiling 1 files with Solc 0.8.26
3[2K[1m[[32mâ ¢[0m][0m Solc 0.8.26 finished in 1.08s
Compiler run [32msuccessful![0m
[1m[7m%[27m[1m[0m                                                                                                                                                                                                          ]2;monkey@monkeydeMacBook-Pro:~/dev/rust/vivid-tests/sp1-cook/contracts]1;..ook/contracts]7;file://monkeydeMacBook-Pro.local/Users/monkey/dev/rust/vivid-tests/sp1-cook/contracts\[0m[27m[24m[J[01;32mâžœ  [36mcontracts[00m [01;34mgit:([31mnetwork[34m) [33mâœ—[00m [K[?1h=[?2004hforge buildtest --match-contract EcRecoverTest[?1l>[?2004l
]2;forge test --match-contract EcRecoverTest]1;forge3[2K[1m[[32mâ ƒ[0m][0m Compiling...3[2K[1m[[32mâ Š[0m][0m Compiling...
No files changed, compilation skipped

Ran 2 tests for test/ecrecover.t.sol:EcRecoverTest
[31m[FAIL. Reason: WrongVerifierSelector(0x0000000000000000000000000000000000000000000000000000000000000000, 0x801c66ac00000000000000000000000000000000000000000000000000000000)][0m test_InvalidEcRecoverProof() (gas: 35393)
[31m[FAIL. Reason: InvalidProof()][0m test_ValidEcRecoverProof() (gas: 311309)
Suite result: [31mFAILED[0m. [32m0[0m passed; [31m2[0m failed; [33m0[0m skipped; finished in 7.83ms (7.21ms CPU time)

Ran 1 test suite in 123.11ms (7.83ms CPU time): [32m0[0m tests passed, [31m2[0m failed, [33m0[0m skipped (2 total tests)

Failing tests:
Encountered 2 failing tests in test/ecrecover.t.sol:EcRecoverTest
[31m[FAIL. Reason: WrongVerifierSelector(0x0000000000000000000000000000000000000000000000000000000000000000, 0x801c66ac00000000000000000000000000000000000000000000000000000000)][0m test_InvalidEcRecoverProof() (gas: 35393)
[31m[FAIL. Reason: InvalidProof()][0m test_ValidEcRecoverProof() (gas: 311309)

Encountered a total of [31m2[0m failing tests, [32m0[0m tests succeeded
[1m[7m%[27m[1m[0m                                                                                                                                                                                                          ]2;monkey@monkeydeMacBook-Pro:~/dev/rust/vivid-tests/sp1-cook/contracts]1;..ook/contracts]7;file://monkeydeMacBook-Pro.local/Users/monkey/dev/rust/vivid-tests/sp1-cook/contracts\[0m[27m[24m[J[01;31mâžœ  [36mcontracts[00m [01;34mgit:([31mnetwork[34m) [33mâœ—[00m [K[?1h=[?2004hforge test --match-contract EcRecoverTest[?1l>[?2004l
]2;forge test --match-contract EcRecoverTest]1;forge3[2K[1m[[32mâ ƒ[0m][0m Compiling...3[2K[1m[[32mâ Š[0m][0m Compiling...
3[2K[1m[[32mâ ’[0m][0m Compiling 1 files with Solc 0.8.263[2K[1m[[32mâ ¢[0m][0m Compiling 1 files with Solc 0.8.263[2K[1m[[32mâ †[0m][0m Compiling 1 files with Solc 0.8.263[2K[1m[[32mâ °[0m][0m Compiling 1 files with Solc 0.8.263[2K[1m[[32mâ ”[0m][0m Compiling 1 files with Solc 0.8.263[2K[1m[[32mâ ’[0m][0m Compiling 1 files with Solc 0.8.263[2K[1m[[32mâ ‘[0m][0m Compiling 1 files with Solc 0.8.263[2K[1m[[32mâ ˜[0m][0m Compiling 1 files with Solc 0.8.263[2K[1m[[32mâ ƒ[0m][0m Compiling 1 files with Solc 0.8.263[2K[1m[[32mâ Š[0m][0m Compiling 1 files with Solc 0.8.263[2K[1m[[32mâ ’[0m][0m Compiling 1 files with Solc 0.8.26
3[2K[1m[[32mâ ¢[0m][0m Solc 0.8.26 finished in 1.05s
Compiler run [32msuccessful![0m

Ran 2 tests for test/ecrecover.t.sol:EcRecoverTest
[32m[PASS][0m testFail_InvalidEcRecoverProof() (gas: 35371)
[31m[FAIL. Reason: InvalidProof()][0m test_ValidEcRecoverProof() (gas: 311309)
Suite result: [31mFAILED[0m. [32m1[0m passed; [31m1[0m failed; [33m0[0m skipped; finished in 7.42ms (6.92ms CPU time)

Ran 1 test suite in 124.05ms (7.42ms CPU time): [32m1[0m tests passed, [31m1[0m failed, [33m0[0m skipped (2 total tests)

Failing tests:
Encountered 1 failing test in test/ecrecover.t.sol:EcRecoverTest
[31m[FAIL. Reason: InvalidProof()][0m test_ValidEcRecoverProof() (gas: 311309)

Encountered a total of [31m1[0m failing tests, [32m1[0m tests succeeded
[1m[7m%[27m[1m[0m                                                                                                                                                                                                          ]2;monkey@monkeydeMacBook-Pro:~/dev/rust/vivid-tests/sp1-cook/contracts]1;..ook/contracts]7;file://monkeydeMacBook-Pro.local/Users/monkey/dev/rust/vivid-tests/sp1-cook/contracts\[0m[27m[24m[J[01;31mâžœ  [36mcontracts[00m [01;34mgit:([31mnetwork[34m) [33mâœ—[00m [K[?1h=[?2004hforge test --match-contract EcRecoverTest[?1l>[?2004l
]2;forge test --match-contract EcRecoverTest]1;forge3[2K[1m[[32mâ ƒ[0m][0m Compiling...3[2K[1m[[32mâ Š[0m][0m Compiling...
3[2K[1m[[32mâ ’[0m][0m Compiling 2 files with Solc 0.8.263[2K[1m[[32mâ ¢[0m][0m Compiling 2 files with Solc 0.8.263[2K[1m[[32mâ †[0m][0m Compiling 2 files with Solc 0.8.263[2K[1m[[32mâ °[0m][0m Compiling 2 files with Solc 0.8.263[2K[1m[[32mâ ”[0m][0m Compiling 2 files with Solc 0.8.263[2K[1m[[32mâ ’[0m][0m Compiling 2 files with Solc 0.8.263[2K[1m[[32mâ ‘[0m][0m Compiling 2 files with Solc 0.8.263[2K[1m[[32mâ ˜[0m][0m Compiling 2 files with Solc 0.8.263[2K[1m[[32mâ ƒ[0m][0m Compiling 2 files with Solc 0.8.263[2K[1m[[32mâ Š[0m][0m Compiling 2 files with Solc 0.8.263[2K[1m[[32mâ ’[0m][0m Compiling 2 files with Solc 0.8.26
3[2K[1m[[32mâ ¢[0m][0m Solc 0.8.26 finished in 1.04s
Compiler run [32msuccessful![0m

Ran 2 tests for test/ecrecover.t.sol:EcRecoverTest
[32m[PASS][0m testFail_InvalidEcRecoverProof() (gas: 36185)
[31m[FAIL. Reason: InvalidProof()][0m test_ValidEcRecoverProof() (gas: 312119)
Suite result: [31mFAILED[0m. [32m1[0m passed; [31m1[0m failed; [33m0[0m skipped; finished in 8.01ms (7.48ms CPU time)

Ran 1 test suite in 123.00ms (8.01ms CPU time): [32m1[0m tests passed, [31m1[0m failed, [33m0[0m skipped (2 total tests)

Failing tests:
Encountered 1 failing test in test/ecrecover.t.sol:EcRecoverTest
[31m[FAIL. Reason: InvalidProof()][0m test_ValidEcRecoverProof() (gas: 312119)

Encountered a total of [31m1[0m failing tests, [32m1[0m tests succeeded
[1m[7m%[27m[1m[0m                                                                                                                                                                                                          ]2;monkey@monkeydeMacBook-Pro:~/dev/rust/vivid-tests/sp1-cook/contracts]1;..ook/contracts]7;file://monkeydeMacBook-Pro.local/Users/monkey/dev/rust/vivid-tests/sp1-cook/contracts\[0m[27m[24m[J[01;31mâžœ  [36mcontracts[00m [01;34mgit:([31mnetwork[34m) [33mâœ—[00m [K[?1h=[?2004hccd ..[?1l>[?2004l
]2;cd ..]1;cd[1m[7m%[27m[1m[0m                                                                                                                                                                                                          ]2;monkey@monkeydeMacBook-Pro:~/dev/rust/vivid-tests/sp1-cook]1;..ests/sp1-cook]7;file://monkeydeMacBook-Pro.local/Users/monkey/dev/rust/vivid-tests/sp1-cook\[0m[27m[24m[J[01;32mâžœ  [36msp1-cook[00m [01;34mgit:([31mnetwork[34m) [33mâœ—[00m [K[?1h=[?2004hlls[?1l>[?2004l
]2;ls -G]1;lsLICENSE-MIT    README.md      [1m[36mcontracts[39;49m[0m      [1m[36mprogram[39;49m[0m        rust-toolchain [1m[36mscript[39;49m[0m         typescript
[1m[7m%[27m[1m[0m                                                                                                                                                                                                          ]2;monkey@monkeydeMacBook-Pro:~/dev/rust/vivid-tests/sp1-cook]1;..ests/sp1-cook]7;file://monkeydeMacBook-Pro.local/Users/monkey/dev/rust/vivid-tests/sp1-cook\[0m[27m[24m[J[01;32mâžœ  [36msp1-cook[00m [01;34mgit:([31mnetwork[34m) [33mâœ—[00m [K[?1h=[?2004hccd script[1m/[0m[0m [?1l>[?2004l
]2;cd script]1;cd[1m[7m%[27m[1m[0m                                                                                                                                                                                                          ]2;monkey@monkeydeMacBook-Pro:~/dev/rust/vivid-tests/sp1-cook/script]1;..1-cook/script]7;file://monkeydeMacBook-Pro.local/Users/monkey/dev/rust/vivid-tests/sp1-cook/script\[0m[27m[24m[J[01;32mâžœ  [36mscript[00m [01;34mgit:([31mnetwork[34m) [33mâœ—[00m [K[?1h=[?2004hlls[?1l>[?2004l
]2;ls -G]1;lsCargo.lock     Cargo.toml     build.rs       [1m[36mproof-bin[39;49m[0m      rust-toolchain [1m[36msrc[39;49m[0m            [1m[36mtarget[39;49m[0m
[1m[7m%[27m[1m[0m                                                                                                                                                                                                          ]2;monkey@monkeydeMacBook-Pro:~/dev/rust/vivid-tests/sp1-cook/script]1;..1-cook/script]7;file://monkeydeMacBook-Pro.local/Users/monkey/dev/rust/vivid-tests/sp1-cook/script\[0m[27m[24m[J[01;32mâžœ  [36mscript[00m [01;34mgit:([31mnetwork[34m) [33mâœ—[00m [K[?1h=[?2004h[7mRUST_LOG=info cargo test -r --lib -- utils::fixtures::tests::test_ecrecover_fixture --exact --nocapture[27m[103D[27mR[27mU[27mS[27mT[27m_[27mL[27mO[27mG[27m=[27mi[27mn[27mf[27mo[27m [27mc[27ma[27mr[27mg[27mo[27m [27mt[27me[27ms[27mt[27m [27m-[27mr[27m [27m-[27m-[27ml[27mi[27mb[27m [27m-[27m-[27m [27mu[27mt[27mi[27ml[27ms[27m:[27m:[27mf[27mi[27mx[27mt[27mu[27mr[27me[27ms[27m:[27m:[27mt[27me[27ms[27mt[27ms[27m:[27m:[27mt[27me[27ms[27mt[27m_[27me[27mc[27mr[27me[27mc[27mo[27mv[27me[27mr[27m_[27mf[27mi[27mx[27mt[27mu[27mr[27me[27m [27m-[27m-[27me[27mx[27ma[27mc[27mt[27m [27m-[27m-[27mn[27mo[27mc[27ma[27mp[27mt[27mu[27mr[27me[?1l>[?2004l
]2;RUST_LOG=info cargo test -r --lib --  --exact --nocapture]1;cargo[1m[33mwarning[0m[1m:[0m fibonacci-script@0.1.0: fibonacci-program built at 2024-06-27 11:01:58
[1m[32m   Compiling[0m fibonacci-script v0.1.0 (/Users/monkey/dev/rust/vivid-tests/sp1-cook/script)
[1m[36m    Building[0m [=======================> ] 745/746: fibonacci_script(test)                                                                                                                                [K[1m[32m    Finished[0m ]8;;https://doc.rust-lang.org/cargo/reference/profiles.html#default-profiles\`release` profile [optimized]]8;;\ target(s) in 0.91s
[1m[32m     Running[0m unittests src/lib.rs (target/release/deps/fibonacci_script-d6e869c6f5751129)

running 1 test
[sp1] plonk bn254 artifacts already seem to exist at /Users/monkey/.sp1/circuits/plonk_bn254/v1.0.8-testnet. if you want to re-download them, delete the directory
thread 'utils::fixtures::tests::test_ecrecover_fixture' panicked at /Users/monkey/dev/rust/infra/sp1/recursion/gnark-ffi/src/plonk_bn254.rs:41:53:
called `Result::unwrap()` on an `Err` value: Os { code: 2, kind: NotFound, message: "No such file or directory" }
note: run with `RUST_BACKTRACE=1` environment variable to display a backtrace
test utils::fixtures::tests::test_ecrecover_fixture ... FAILED

failures:

failures:
    utils::fixtures::tests::test_ecrecover_fixture

test result: FAILED. 0 passed; 1 failed; 0 ignored; 0 measured; 2 filtered out; finished in 7.80s

[1m[31merror[0m[1m:[0m test failed, to rerun pass `--lib`
[1m[7m%[27m[1m[0m                                                                                                                                                                                                          ]2;monkey@monkeydeMacBook-Pro:~/dev/rust/vivid-tests/sp1-cook/script]1;..1-cook/script]7;file://monkeydeMacBook-Pro.local/Users/monkey/dev/rust/vivid-tests/sp1-cook/script\[0m[27m[24m[J[01;31mâžœ  [36mscript[00m [01;34mgit:([31mnetwork[34m) [33mâœ—[00m [K[?1h=[?2004hRUST_LOG=info cargo test -r --lib -- utils::fixtures::tests::test_ecrecover_fixture --exact --nocapture[?1l>[?2004l
]2;RUST_LOG=info cargo test -r --lib --  --exact --nocapture]1;cargo[1m[36m    Blocking[0m waiting for file lock on package cache
[1m[36m    Blocking[0m waiting for file lock on package cache
[1m[36m    Blocking[0m waiting for file lock on package cache
[1m[32m   Compiling[0m sp1-recursion-gnark-ffi v0.1.0 (/Users/monkey/dev/rust/infra/sp1/recursion/gnark-ffi)
[1m[32m   Compiling[0m sp1-sdk v0.1.0 (/Users/monkey/dev/rust/infra/sp1/sdk)
[1m[33mwarning[0m[1m:[0m fibonacci-script@0.1.0: fibonacci-program built at 2024-06-27 11:01:58
[1m[36m    Building[0m [=======================> ] 738/746: sp1-recursion-gnark-ffi(build.rs), sp1-sdk(build.rs)                                                                                                  [1m[36m    Building[0m [=======================> ] 739/746: sp1-recursion-gnark-ffi(build.rs), sp1-sdk(build)                                                                                                     [1m[36m    Building[0m [=======================> ] 740/746: sp1-sdk(build), sp1-recursion-gnark-ffi(build)                                                                                                        [1m[36m    Building[0m [=======================> ] 741/746: sp1-recursion-gnark-ffi(build)                                                                                                                        [1m[36m    Building[0m [=======================> ] 742/746: sp1-recursion-gnark-ffi                                                                                                                               [K[1m[32m   Compiling[0m sp1-prover v0.1.0 (/Users/monkey/dev/rust/infra/sp1/prover)
[1m[36m    Building[0m [=======================> ] 742/746: sp1-recursion-gnark-ffi, sp1-prover                                                                                                                   [1m[36m    Building[0m [=======================> ] 743/746: sp1-prover                                                                                                                                            [1m[36m    Building[0m [=======================> ] 743/746: sp1-sdk, sp1-prover                                                                                                                                   [1m[36m    Building[0m [=======================> ] 744/746: sp1-prover                                                                                                                                            [K[1m[32m   Compiling[0m fibonacci-script v0.1.0 (/Users/monkey/dev/rust/vivid-tests/sp1-cook/script)
[1m[36m    Building[0m [=======================> ] 745/746: fibonacci_script(test)                                                                                                                                [K[1m[32m    Finished[0m ]8;;https://doc.rust-lang.org/cargo/reference/profiles.html#default-profiles\`release` profile [optimized]]8;;\ target(s) in 16.58s
[1m[32m     Running[0m unittests src/lib.rs (target/release/deps/fibonacci_script-8aea22b1ed42a37e)

running 1 test
[sp1] plonk bn254 artifacts already seem to exist at /Users/monkey/.sp1/circuits/plonk_bn254/v1.0.8-testnet. if you want to re-download them, delete the directory
thread 'utils::fixtures::tests::test_ecrecover_fixture' panicked at /Users/monkey/dev/rust/infra/sp1/recursion/gnark-ffi/src/plonk_bn254.rs:41:53:
called `Result::unwrap()` on an `Err` value: Os { code: 2, kind: NotFound, message: "No such file or directory" }
note: run with `RUST_BACKTRACE=1` environment variable to display a backtrace
test utils::fixtures::tests::test_ecrecover_fixture ... FAILED

failures:

failures:
    utils::fixtures::tests::test_ecrecover_fixture

test result: FAILED. 0 passed; 1 failed; 0 ignored; 0 measured; 2 filtered out; finished in 9.14s

[1m[31merror[0m[1m:[0m test failed, to rerun pass `--lib`
[1m[7m%[27m[1m[0m                                                                                                                                                                                                          ]2;monkey@monkeydeMacBook-Pro:~/dev/rust/vivid-tests/sp1-cook/script]1;..1-cook/script]7;file://monkeydeMacBook-Pro.local/Users/monkey/dev/rust/vivid-tests/sp1-cook/script\[0m[27m[24m[J[01;31mâžœ  [36mscript[00m [01;34mgit:([31mnetwork[34m) [33mâœ—[00m [K[?1h=[?2004hRUST_LOG=info cargo test -r --lib -- utils::fixtures::tests::test_ecrecover_fixture --exact --nocapture[?1l>[?2004l
]2;RUST_LOG=info cargo test -r --lib --  --exact --nocapture]1;cargo[1m[32m   Compiling[0m sp1-recursion-gnark-ffi v0.1.0 (/Users/monkey/dev/rust/infra/sp1/recursion/gnark-ffi)
[1m[32m   Compiling[0m sp1-sdk v0.1.0 (/Users/monkey/dev/rust/infra/sp1/sdk)
[1m[33mwarning[0m[1m:[0m fibonacci-script@0.1.0: fibonacci-program built at 2024-06-27 11:01:58
[1m[36m    Building[0m [=======================> ] 740/746: sp1-recursion-gnark-ffi(build), sp1-sdk(build)                                                                                                        [1m[36m    Building[0m [=======================> ] 741/746: sp1-recursion-gnark-ffi(build)                                                                                                                        [1m[36m    Building[0m [=======================> ] 742/746: sp1-recursion-gnark-ffi                                                                                                                               [K[1m[32m   Compiling[0m sp1-prover v0.1.0 (/Users/monkey/dev/rust/infra/sp1/prover)
[1m[36m    Building[0m [=======================> ] 742/746: sp1-prover, sp1-recursion-gnark-ffi                                                                                                                   [1m[36m    Building[0m [=======================> ] 743/746: sp1-prover                                                                                                                                            [1m[36m    Building[0m [=======================> ] 743/746: sp1-prover, sp1-sdk                                                                                                                                   [1m[36m    Building[0m [=======================> ] 744/746: sp1-prover                                                                                                                                            [K[1m[32m   Compiling[0m fibonacci-script v0.1.0 (/Users/monkey/dev/rust/vivid-tests/sp1-cook/script)
[1m[36m    Building[0m [=======================> ] 745/746: fibonacci_script(test)                                                                                                                                [K[0m[1m[33mwarning[0m[0m[1m: unused variable: `vk`[0m
[0m  [0m[0m[1m[38;5;12m--> [0m[0msrc/utils/fixtures.rs:79:19[0m
[0m   [0m[0m[1m[38;5;12m|[0m
[0m[1m[38;5;12m79[0m[0m [0m[0m[1m[38;5;12m|[0m[0m [0m[0m        let (_pk, vk) = client.setup(ECRECOVER_ELF);[0m
[0m   [0m[0m[1m[38;5;12m| [0m[0m                  [0m[0m[1m[33m^^[0m[0m [0m[0m[1m[33mhelp: if this is intentional, prefix it with an underscore: `_vk`[0m
[0m   [0m[0m[1m[38;5;12m|[0m
[0m   [0m[0m[1m[38;5;12m= [0m[0m[1mnote[0m[0m: `#[warn(unused_variables)]` on by default[0m

[1m[36m    Building[0m [=======================> ] 745/746: fibonacci_script(test)                                                                                                                                [K[1m[33mwarning[0m[1m:[0m `fibonacci-script` (lib test) generated 1 warning
[1m[32m    Finished[0m ]8;;https://doc.rust-lang.org/cargo/reference/profiles.html#default-profiles\`release` profile [optimized]]8;;\ target(s) in 14.31s
[1m[32m     Running[0m unittests src/lib.rs (target/release/deps/fibonacci_script-8aea22b1ed42a37e)

running 1 test
[2m2024-06-28T10:31:16.769744Z[0m [32m INFO[0m 0x00242bf11556eace04d1bb90b9dd709bfb72f18e472b7e8ab13bb78a12d9e1b8
test utils::fixtures::tests::test_ecrecover_fixture ... ok

test result: ok. 1 passed; 0 failed; 0 ignored; 0 measured; 2 filtered out; finished in 7.74s

[1m[7m%[27m[1m[0m                                                                                                                                                                                                          ]2;monkey@monkeydeMacBook-Pro:~/dev/rust/vivid-tests/sp1-cook/script]1;..1-cook/script]7;file://monkeydeMacBook-Pro.local/Users/monkey/dev/rust/vivid-tests/sp1-cook/script\[0m[27m[24m[J[01;32mâžœ  [36mscript[00m [01;34mgit:([31mnetwork[34m) [33mâœ—[00m [K[?1h=[?2004hRUST_LOG=info cargo test -r --lib -- utils::fixtures::tests::test_ecrecover_fixture --exact --nocapture[?1l>[?2004l
]2;RUST_LOG=info cargo test -r --lib --  --exact --nocapture]1;cargo[1m[32m   Compiling[0m sp1-recursion-gnark-ffi v0.1.0 (/Users/monkey/dev/rust/infra/sp1/recursion/gnark-ffi)
[1m[32m   Compiling[0m sp1-sdk v0.1.0 (/Users/monkey/dev/rust/infra/sp1/sdk)
[1m[33mwarning[0m[1m:[0m fibonacci-script@0.1.0: fibonacci-program built at 2024-06-27 11:01:58
[1m[36m    Building[0m [=======================> ] 740/746: sp1-sdk(build), sp1-recursion-gnark-ffi(build)                                                                                                        [1m[36m    Building[0m [=======================> ] 741/746: sp1-recursion-gnark-ffi(build)                                                                                                                        [1m[36m    Building[0m [=======================> ] 742/746: sp1-recursion-gnark-ffi                                                                                                                               [K[1m[32m   Compiling[0m sp1-prover v0.1.0 (/Users/monkey/dev/rust/infra/sp1/prover)
[1m[36m    Building[0m [=======================> ] 742/746: sp1-recursion-gnark-ffi, sp1-prover                                                                                                                   [1m[36m    Building[0m [=======================> ] 743/746: sp1-prover                                                                                                                                            [1m[36m    Building[0m [=======================> ] 743/746: sp1-sdk, sp1-prover                                                                                                                                   [1m[36m    Building[0m [=======================> ] 744/746: sp1-prover                                                                                                                                            [K[1m[32m   Compiling[0m fibonacci-script v0.1.0 (/Users/monkey/dev/rust/vivid-tests/sp1-cook/script)
[1m[36m    Building[0m [=======================> ] 745/746: fibonacci_script(test)                                                                                                                                [K[1m[32m    Finished[0m ]8;;https://doc.rust-lang.org/cargo/reference/profiles.html#default-profiles\`release` profile [optimized]]8;;\ target(s) in 13.60s
[1m[32m     Running[0m unittests src/lib.rs (target/release/deps/fibonacci_script-8aea22b1ed42a37e)

running 1 test
[2m2024-06-28T10:32:08.670706Z[0m [32m INFO[0m 0x00242bf11556eace04d1bb90b9dd709bfb72f18e472b7e8ab13bb78a12d9e1b8
[2m2024-06-28T10:32:08.671639Z[0m [32m INFO[0m 0x00242bf11556eace04d1bb90b9dd709bfb72f18e472b7e8ab13bb78a12d9e1b8
test utils::fixtures::tests::test_ecrecover_fixture ... ok

test result: ok. 1 passed; 0 failed; 0 ignored; 0 measured; 2 filtered out; finished in 7.75s

[1m[7m%[27m[1m[0m                                                                                                                                                                                                          ]2;monkey@monkeydeMacBook-Pro:~/dev/rust/vivid-tests/sp1-cook/script]1;..1-cook/script]7;file://monkeydeMacBook-Pro.local/Users/monkey/dev/rust/vivid-tests/sp1-cook/script\[0m[27m[24m[J[01;32mâžœ  [36mscript[00m [01;34mgit:([31mnetwork[34m) [33mâœ—[00m [K[?1h=[?2004hRUST_LOG=info cargo test -r --lib -- utils::fixtures::tests::test_ecrecover_fixture --exact --nocapture[?1l>[?2004l
]2;RUST_LOG=info cargo test -r --lib --  --exact --nocapture]1;cargo[1m[32m   Compiling[0m sp1-recursion-gnark-ffi v0.1.0 (/Users/monkey/dev/rust/infra/sp1/recursion/gnark-ffi)
[1m[32m   Compiling[0m sp1-sdk v0.1.0 (/Users/monkey/dev/rust/infra/sp1/sdk)
[1m[33mwarning[0m[1m:[0m fibonacci-script@0.1.0: fibonacci-program built at 2024-06-27 11:01:58
[1m[36m    Building[0m [=======================> ] 740/746: sp1-sdk(build), sp1-recursion-gnark-ffi(build)                                                                                                        [1m[36m    Building[0m [=======================> ] 741/746: sp1-recursion-gnark-ffi(build)                                                                                                                        [1m[36m    Building[0m [=======================> ] 742/746: sp1-recursion-gnark-ffi                                                                                                                               [K[1m[32m   Compiling[0m sp1-prover v0.1.0 (/Users/monkey/dev/rust/infra/sp1/prover)
[1m[36m    Building[0m [=======================> ] 742/746: sp1-recursion-gnark-ffi, sp1-prover                                                                                                                   [1m[36m    Building[0m [=======================> ] 743/746: sp1-prover                                                                                                                                            [1m[36m    Building[0m [=======================> ] 743/746: sp1-sdk, sp1-prover                                                                                                                                   [1m[36m    Building[0m [=======================> ] 744/746: sp1-prover                                                                                                                                            [K[1m[32m   Compiling[0m fibonacci-script v0.1.0 (/Users/monkey/dev/rust/vivid-tests/sp1-cook/script)
[1m[36m    Building[0m [=======================> ] 745/746: fibonacci_script(test)                                                                                                                                [K[1m[32m    Finished[0m ]8;;https://doc.rust-lang.org/cargo/reference/profiles.html#default-profiles\`release` profile [optimized]]8;;\ target(s) in 13.90s
[1m[32m     Running[0m unittests src/lib.rs (target/release/deps/fibonacci_script-8aea22b1ed42a37e)

running 1 test
[2m2024-06-28T10:32:49.503782Z[0m [32m INFO[0m 0x00242bf11556eace04d1bb90b9dd709bfb72f18e472b7e8ab13bb78a12d9e1b8
[sp1] plonk bn254 artifacts already seem to exist at /Users/monkey/.sp1/circuits/plonk_bn254/v1.0.8-testnet. if you want to re-download them, delete the directory
thread 'utils::fixtures::tests::test_ecrecover_fixture' panicked at /Users/monkey/dev/rust/infra/sp1/recursion/gnark-ffi/src/plonk_bn254.rs:41:53:
called `Result::unwrap()` on an `Err` value: Os { code: 2, kind: NotFound, message: "No such file or directory" }
note: run with `RUST_BACKTRACE=1` environment variable to display a backtrace
test utils::fixtures::tests::test_ecrecover_fixture ... FAILED

failures:

failures:
    utils::fixtures::tests::test_ecrecover_fixture

test result: FAILED. 0 passed; 1 failed; 0 ignored; 0 measured; 2 filtered out; finished in 7.88s

[1m[31merror[0m[1m:[0m test failed, to rerun pass `--lib`
[1m[7m%[27m[1m[0m                                                                                                                                                                                                          ]2;monkey@monkeydeMacBook-Pro:~/dev/rust/vivid-tests/sp1-cook/script]1;..1-cook/script]7;file://monkeydeMacBook-Pro.local/Users/monkey/dev/rust/vivid-tests/sp1-cook/script\[0m[27m[24m[J[01;31mâžœ  [36mscript[00m [01;34mgit:([31mnetwork[34m) [33mâœ—[00m [K[?1h=[?2004hccd ..[?1l>[?2004l
]2;cd ..]1;cd[1m[7m%[27m[1m[0m                                                                                                                                                                                                          ]2;monkey@monkeydeMacBook-Pro:~/dev/rust/vivid-tests/sp1-cook]1;..ests/sp1-cook]7;file://monkeydeMacBook-Pro.local/Users/monkey/dev/rust/vivid-tests/sp1-cook\[0m[27m[24m[J[01;32mâžœ  [36msp1-cook[00m [01;34mgit:([31mnetwork[34m) [33mâœ—[00m [K[?1h=[?2004hlls[?1l>[?2004l
]2;ls -G]1;lsLICENSE-MIT    README.md      [1m[36mcontracts[39;49m[0m      [1m[36mprogram[39;49m[0m        rust-toolchain [1m[36mscript[39;49m[0m         typescript
[1m[7m%[27m[1m[0m                                                                                                                                                                                                          ]2;monkey@monkeydeMacBook-Pro:~/dev/rust/vivid-tests/sp1-cook]1;..ests/sp1-cook]7;file://monkeydeMacBook-Pro.local/Users/monkey/dev/rust/vivid-tests/sp1-cook\[0m[27m[24m[J[01;32mâžœ  [36msp1-cook[00m [01;34mgit:([31mnetwork[34m) [33mâœ—[00m [K[?1h=[?2004hggit status[?1l>[?2004l
]2;git status]1;gitOn branch network
Your branch is ahead of 'origin/network' by 3 commits.
  (use "git push" to publish your local commits)

Changes not staged for commit:
  (use "git add <file>..." to update what will be committed)
  (use "git restore <file>..." to discard changes in working directory)
	[31mmodified:   contracts/remappings.txt[m
	[31mmodified:   contracts/src/ecrecover.sol[m
	[31mmodified:   script/Cargo.toml[m
	[31mmodified:   script/src/bin/prove_ecrecover.rs[m
	[31mmodified:   script/src/utils/fixtures.rs[m

Untracked files:
  (use "git add <file>..." to include in what will be committed)
	[31mcontracts/README.md[m
	[31mcontracts/test/ecrecover.t.sol[m
	[31mtypescript[m

no changes added to commit (use "git add" and/or "git commit -a")
[1m[7m%[27m[1m[0m                                                                                                                                                                                                          ]2;monkey@monkeydeMacBook-Pro:~/dev/rust/vivid-tests/sp1-cook]1;..ests/sp1-cook]7;file://monkeydeMacBook-Pro.local/Users/monkey/dev/rust/vivid-tests/sp1-cook\[0m[27m[24m[J[01;32mâžœ  [36msp1-cook[00m [01;34mgit:([31mnetwork[34m) [33mâœ—[00m [K[?1h=[?2004hggit  g  ggit commit        g  ä¸€å¤©    ggit status[?1l>[?2004l
]2;git status]1;gitOn branch network
Your branch is ahead of 'origin/network' by 3 commits.
  (use "git push" to publish your local commits)

Changes not staged for commit:
  (use "git add <file>..." to update what will be committed)
  (use "git restore <file>..." to discard changes in working directory)
	[31mmodified:   contracts/remappings.txt[m
	[31mmodified:   contracts/src/ecrecover.sol[m
	[31mmodified:   script/Cargo.toml[m
	[31mmodified:   script/src/bin/prove_ecrecover.rs[m
	[31mmodified:   script/src/utils/fixtures.rs[m

Untracked files:
  (use "git add <file>..." to include in what will be committed)
	[31mcontracts/README.md[m
	[31mcontracts/test/ecrecover.t.sol[m
	[31mtypescript[m

no changes added to commit (use "git add" and/or "git commit -a")
[1m[7m%[27m[1m[0m                                                                                                                                                                                                          ]2;monkey@monkeydeMacBook-Pro:~/dev/rust/vivid-tests/sp1-cook]1;..ests/sp1-cook]7;file://monkeydeMacBook-Pro.local/Users/monkey/dev/rust/vivid-tests/sp1-cook\[0m[27m[24m[J[01;32mâžœ  [36msp1-cook[00m [01;34mgit:([31mnetwork[34m) [33mâœ—[00m [K[?1h=[?2004hggig  ggit add .[?1l>[?2004l
]2;git add .]1;git[1m[7m%[27m[1m[0m                                                                                                                                                                                                          ]2;monkey@monkeydeMacBook-Pro:~/dev/rust/vivid-tests/sp1-cook]1;..ests/sp1-cook]7;file://monkeydeMacBook-Pro.local/Users/monkey/dev/rust/vivid-tests/sp1-cook\[0m[27m[24m[J[01;32mâžœ  [36msp1-cook[00m [01;34mgit:([31mnetwork[34m) [33mâœ—[00m [K[?1h=[?2004hggit status[?1l>[?2004l
]2;git status]1;gitOn branch network
Your branch is ahead of 'origin/network' by 3 commits.
  (use "git push" to publish your local commits)

Changes to be committed:
  (use "git restore --staged <file>..." to unstage)
	[32mnew file:   contracts/README.md[m
	[32mmodified:   contracts/remappings.txt[m
	[32mmodified:   contracts/src/ecrecover.sol[m
	[32mnew file:   contracts/test/ecrecover.t.sol[m
	[32mmodified:   script/Cargo.toml[m
	[32mmodified:   script/src/bin/prove_ecrecover.rs[m
	[32mmodified:   script/src/utils/fixtures.rs[m
	[32mnew file:   typescript[m

[1m[7m%[27m[1m[0m                                                                                                                                                                                                          ]2;monkey@monkeydeMacBook-Pro:~/dev/rust/vivid-tests/sp1-cook]1;..ests/sp1-cook]7;file://monkeydeMacBook-Pro.local/Users/monkey/dev/rust/vivid-tests/sp1-cook\[0m[27m[24m[J[01;32mâžœ  [36msp1-cook[00m [01;34mgit:([31mnetwork[34m) [33mâœ—[00m [K[?1h=[?2004hggit commit -am ''